# JRE version: OpenJDK Runtime Environment (14.0.2+13) (build 14.0.2+13)
# Java VM: OpenJDK 64-Bit Server VM (14.0.2+13, mixed mode, sharing, tiered, compressed oops, g1 gc, linux-amd64)
Heap:
 garbage-first heap   total 225280K, used 139295K [0x0000000085400000, 0x0000000100000000)
  region size 1024K, 12 young (12288K), 2 survivors (2048K)
 Metaspace       used 52889K, capacity 53809K, committed 54012K, reserved 1095680K
  class space    used 6943K, capacity 7317K, committed 7424K, reserved 1048576K
GC Heap History (20 events):
Event: 8,738 GC heap before
{Heap before GC invocations=21 (full 0):
 garbage-first heap   total 119808K, used 92485K [0x0000000085400000, 0x0000000100000000)
  region size 1024K, 27 young (27648K), 3 survivors (3072K)
 Metaspace       used 33180K, capacity 33590K, committed 34684K, reserved 1079296K
  class space    used 4421K, capacity 4599K, committed 4736K, reserved 1048576K
}
Event: 8,742 GC heap after
{Heap after GC invocations=22 (full 0):
 garbage-first heap   total 119808K, used 71569K [0x0000000085400000, 0x0000000100000000)
  region size 1024K, 4 young (4096K), 4 survivors (4096K)
 Metaspace       used 33180K, capacity 33590K, committed 34684K, reserved 1079296K
  class space    used 4421K, capacity 4599K, committed 4736K, reserved 1048576K
}
Event: 8,849 GC heap before
{Heap before GC invocations=23 (full 0):
 garbage-first heap   total 132096K, used 94097K [0x0000000085400000, 0x0000000100000000)
  region size 1024K, 26 young (26624K), 4 survivors (4096K)
 Metaspace       used 33640K, capacity 34102K, committed 35068K, reserved 1079296K
  class space    used 4531K, capacity 4727K, committed 4864K, reserved 1048576K
}
Event: 8,852 GC heap after
{Heap after GC invocations=24 (full 0):
 garbage-first heap   total 132096K, used 75131K [0x0000000085400000, 0x0000000100000000)
  region size 1024K, 4 young (4096K), 4 survivors (4096K)
 Metaspace       used 33640K, capacity 34102K, committed 35068K, reserved 1079296K
  class space    used 4531K, capacity 4727K, committed 4864K, reserved 1048576K
}
Event: 8,930 GC heap before
{Heap before GC invocations=24 (full 0):
 garbage-first heap   total 132096K, used 94587K [0x0000000085400000, 0x0000000100000000)
  region size 1024K, 24 young (24576K), 4 survivors (4096K)
 Metaspace       used 33972K, capacity 34422K, committed 35324K, reserved 1079296K
  class space    used 4625K, capacity 4791K, committed 4864K, reserved 1048576K
}
Event: 8,933 GC heap after
{Heap after GC invocations=25 (full 0):
 garbage-first heap   total 132096K, used 78017K [0x0000000085400000, 0x0000000100000000)
  region size 1024K, 3 young (3072K), 3 survivors (3072K)
 Metaspace       used 33972K, capacity 34422K, committed 35324K, reserved 1079296K
  class space    used 4625K, capacity 4791K, committed 4864K, reserved 1048576K
}
Event: 9,095 GC heap before
{Heap before GC invocations=26 (full 0):
 garbage-first heap   total 198656K, used 137409K [0x0000000085400000, 0x0000000100000000)
  region size 1024K, 29 young (29696K), 3 survivors (3072K)
 Metaspace       used 33972K, capacity 34422K, committed 35324K, reserved 1079296K
  class space    used 4625K, capacity 4791K, committed 4864K, reserved 1048576K
}
Event: 9,096 GC heap after
{Heap after GC invocations=27 (full 0):
 garbage-first heap   total 198656K, used 111915K [0x0000000085400000, 0x0000000100000000)
  region size 1024K, 1 young (1024K), 1 survivors (1024K)
 Metaspace       used 33972K, capacity 34422K, committed 35324K, reserved 1079296K
  class space    used 4625K, capacity 4791K, committed 4864K, reserved 1048576K
}
Event: 16,330 GC heap before
{Heap before GC invocations=27 (full 0):
 garbage-first heap   total 198656K, used 157995K [0x0000000085400000, 0x0000000100000000)
  region size 1024K, 47 young (48128K), 1 survivors (1024K)
 Metaspace       used 39932K, capacity 40455K, committed 41212K, reserved 1085440K
  class space    used 5277K, capacity 5525K, committed 5632K, reserved 1048576K
}
Event: 16,333 GC heap after
{Heap after GC invocations=28 (full 0):
 garbage-first heap   total 198656K, used 115981K [0x0000000085400000, 0x0000000100000000)
  region size 1024K, 5 young (5120K), 5 survivors (5120K)
 Metaspace       used 39932K, capacity 40455K, committed 41212K, reserved 1085440K
  class space    used 5277K, capacity 5525K, committed 5632K, reserved 1048576K
}
Event: 16,686 GC heap before
{Heap before GC invocations=29 (full 0):
 garbage-first heap   total 201728K, used 125197K [0x0000000085400000, 0x0000000100000000)
  region size 1024K, 15 young (15360K), 5 survivors (5120K)
 Metaspace       used 45724K, capacity 46437K, committed 46972K, reserved 1089536K
  class space    used 6161K, capacity 6445K, committed 6528K, reserved 1048576K
}
Event: 16,689 GC heap after
{Heap after GC invocations=30 (full 0):
 garbage-first heap   total 201728K, used 118010K [0x0000000085400000, 0x0000000100000000)
  region size 1024K, 3 young (3072K), 3 survivors (3072K)
 Metaspace       used 45724K, capacity 46437K, committed 46972K, reserved 1089536K
  class space    used 6161K, capacity 6445K, committed 6528K, reserved 1048576K
}
Event: 42,508 GC heap before
{Heap before GC invocations=31 (full 0):
 garbage-first heap   total 208896K, used 167162K [0x0000000085400000, 0x0000000100000000)
  region size 1024K, 47 young (48128K), 3 survivors (3072K)
 Metaspace       used 47055K, capacity 47771K, committed 48124K, reserved 1091584K
  class space    used 6244K, capacity 6546K, committed 6656K, reserved 1048576K
}
Event: 42,511 GC heap after
{Heap after GC invocations=32 (full 0):
 garbage-first heap   total 208896K, used 124774K [0x0000000085400000, 0x0000000100000000)
  region size 1024K, 6 young (6144K), 6 survivors (6144K)
 Metaspace       used 47055K, capacity 47771K, committed 48124K, reserved 1091584K
  class space    used 6244K, capacity 6546K, committed 6656K, reserved 1048576K
}
Event: 71,900 GC heap before
{Heap before GC invocations=32 (full 0):
 garbage-first heap   total 208896K, used 170854K [0x0000000085400000, 0x0000000100000000)
  region size 1024K, 51 young (52224K), 6 survivors (6144K)
 Metaspace       used 48120K, capacity 48810K, committed 49148K, reserved 1091584K
  class space    used 6325K, capacity 6612K, committed 6656K, reserved 1048576K
}
Event: 71,903 GC heap after
{Heap after GC invocations=33 (full 0):
 garbage-first heap   total 208896K, used 123543K [0x0000000085400000, 0x0000000100000000)
  region size 1024K, 4 young (4096K), 4 survivors (4096K)
 Metaspace       used 48120K, capacity 48810K, committed 49148K, reserved 1091584K
  class space    used 6325K, capacity 6612K, committed 6656K, reserved 1048576K
}
Event: 72,543 GC heap before
{Heap before GC invocations=34 (full 0):
 garbage-first heap   total 217088K, used 170647K [0x0000000085400000, 0x0000000100000000)
  region size 1024K, 51 young (52224K), 4 survivors (4096K)
 Metaspace       used 48505K, capacity 49165K, committed 49532K, reserved 1091584K
  class space    used 6413K, capacity 6709K, committed 6784K, reserved 1048576K
}
Event: 72,546 GC heap after
{Heap after GC invocations=35 (full 0):
 garbage-first heap   total 217088K, used 127644K [0x0000000085400000, 0x0000000100000000)
  region size 1024K, 7 young (7168K), 7 survivors (7168K)
 Metaspace       used 48505K, capacity 49165K, committed 49532K, reserved 1091584K
  class space    used 6413K, capacity 6709K, committed 6784K, reserved 1048576K
}
Event: 103,165 GC heap before
{Heap before GC invocations=35 (full 0):
 garbage-first heap   total 217088K, used 160412K [0x0000000085400000, 0x0000000100000000)
  region size 1024K, 40 young (40960K), 7 survivors (7168K)
 Metaspace       used 49536K, capacity 50401K, committed 50684K, reserved 1093632K
  class space    used 6570K, capacity 6910K, committed 6912K, reserved 1048576K
}
Event: 103,168 GC heap after
{Heap after GC invocations=36 (full 0):
 garbage-first heap   total 217088K, used 129055K [0x0000000085400000, 0x0000000100000000)
  region size 1024K, 2 young (2048K), 2 survivors (2048K)
 Metaspace       used 49536K, capacity 50401K, committed 50684K, reserved 1093632K
  class space    used 6570K, capacity 6910K, committed 6912K, reserved 1048576K
}

