# JRE version: OpenJDK Runtime Environment (14.0.2+13) (build 14.0.2+13)
# Java VM: OpenJDK 64-Bit Server VM (14.0.2+13, mixed mode, sharing, tiered, compressed oops, g1 gc, linux-amd64)
Heap:
 garbage-first heap   total 235520K, used 146454K [0x0000000085600000, 0x0000000100000000)
  region size 1024K, 12 young (12288K), 2 survivors (2048K)
 Metaspace       used 50754K, capacity 51607K, committed 51968K, reserved 1093632K
  class space    used 6676K, capacity 7057K, committed 7168K, reserved 1048576K
GC Heap History (20 events):
Event: 8,478 GC heap before
{Heap before GC invocations=16 (full 0):
 garbage-first heap   total 102400K, used 79817K [0x0000000085600000, 0x0000000100000000)
  region size 1024K, 20 young (20480K), 3 survivors (3072K)
 Metaspace       used 31329K, capacity 31805K, committed 32512K, reserved 1077248K
  class space    used 4128K, capacity 4308K, committed 4352K, reserved 1048576K
}
Event: 8,481 GC heap after
{Heap after GC invocations=17 (full 0):
 garbage-first heap   total 102400K, used 63125K [0x0000000085600000, 0x0000000100000000)
  region size 1024K, 1 young (1024K), 1 survivors (1024K)
 Metaspace       used 31329K, capacity 31805K, committed 32512K, reserved 1077248K
  class space    used 4128K, capacity 4308K, committed 4352K, reserved 1048576K
}
Event: 9,038 GC heap before
{Heap before GC invocations=18 (full 0):
 garbage-first heap   total 112640K, used 80533K [0x0000000085600000, 0x0000000100000000)
  region size 1024K, 18 young (18432K), 1 survivors (1024K)
 Metaspace       used 31785K, capacity 32222K, committed 33152K, reserved 1077248K
  class space    used 4150K, capacity 4340K, committed 4480K, reserved 1048576K
}
Event: 9,040 GC heap after
{Heap after GC invocations=19 (full 0):
 garbage-first heap   total 112640K, used 66016K [0x0000000085600000, 0x0000000100000000)
  region size 1024K, 3 young (3072K), 3 survivors (3072K)
 Metaspace       used 31785K, capacity 32222K, committed 33152K, reserved 1077248K
  class space    used 4150K, capacity 4340K, committed 4480K, reserved 1048576K
}
Event: 9,262 GC heap before
{Heap before GC invocations=19 (full 0):
 garbage-first heap   total 112640K, used 89568K [0x0000000085600000, 0x0000000100000000)
  region size 1024K, 27 young (27648K), 3 survivors (3072K)
 Metaspace       used 32944K, capacity 33414K, committed 34304K, reserved 1079296K
  class space    used 4368K, capacity 4565K, committed 4608K, reserved 1048576K
}
Event: 9,265 GC heap after
{Heap after GC invocations=20 (full 0):
 garbage-first heap   total 112640K, used 69639K [0x0000000085600000, 0x0000000100000000)
  region size 1024K, 4 young (4096K), 4 survivors (4096K)
 Metaspace       used 32944K, capacity 33414K, committed 34304K, reserved 1079296K
  class space    used 4368K, capacity 4565K, committed 4608K, reserved 1048576K
}
Event: 9,467 GC heap before
{Heap before GC invocations=21 (full 0):
 garbage-first heap   total 126976K, used 90119K [0x0000000085600000, 0x0000000100000000)
  region size 1024K, 25 young (25600K), 4 survivors (4096K)
 Metaspace       used 33371K, capacity 33830K, committed 34688K, reserved 1079296K
  class space    used 4463K, capacity 4661K, committed 4736K, reserved 1048576K
}
Event: 9,470 GC heap after
{Heap after GC invocations=22 (full 0):
 garbage-first heap   total 126976K, used 73317K [0x0000000085600000, 0x0000000100000000)
  region size 1024K, 4 young (4096K), 4 survivors (4096K)
 Metaspace       used 33371K, capacity 33830K, committed 34688K, reserved 1079296K
  class space    used 4463K, capacity 4661K, committed 4736K, reserved 1048576K
}
Event: 9,682 GC heap before
{Heap before GC invocations=22 (full 0):
 garbage-first heap   total 126976K, used 98917K [0x0000000085600000, 0x0000000100000000)
  region size 1024K, 30 young (30720K), 4 survivors (4096K)
 Metaspace       used 33837K, capacity 34278K, committed 35072K, reserved 1079296K
  class space    used 4594K, capacity 4789K, committed 4864K, reserved 1048576K
}
Event: 9,689 GC heap after
{Heap after GC invocations=23 (full 0):
 garbage-first heap   total 126976K, used 77446K [0x0000000085600000, 0x0000000100000000)
  region size 1024K, 4 young (4096K), 4 survivors (4096K)
 Metaspace       used 33837K, capacity 34278K, committed 35072K, reserved 1079296K
  class space    used 4594K, capacity 4789K, committed 4864K, reserved 1048576K
}
Event: 9,857 GC heap before
{Heap before GC invocations=24 (full 0):
 garbage-first heap   total 193536K, used 134790K [0x0000000085600000, 0x0000000100000000)
  region size 1024K, 28 young (28672K), 4 survivors (4096K)
 Metaspace       used 33856K, capacity 34278K, committed 35072K, reserved 1079296K
  class space    used 4599K, capacity 4789K, committed 4864K, reserved 1048576K
}
Event: 9,859 GC heap after
{Heap after GC invocations=25 (full 0):
 garbage-first heap   total 193536K, used 111615K [0x0000000085600000, 0x0000000100000000)
  region size 1024K, 1 young (1024K), 1 survivors (1024K)
 Metaspace       used 33856K, capacity 34278K, committed 35072K, reserved 1079296K
  class space    used 4599K, capacity 4789K, committed 4864K, reserved 1048576K
}
Event: 31,548 GC heap before
{Heap before GC invocations=25 (full 0):
 garbage-first heap   total 193536K, used 155647K [0x0000000085600000, 0x0000000100000000)
  region size 1024K, 45 young (46080K), 1 survivors (1024K)
 Metaspace       used 38974K, capacity 39564K, committed 40320K, reserved 1083392K
  class space    used 5150K, capacity 5381K, committed 5504K, reserved 1048576K
}
Event: 31,551 GC heap after
{Heap after GC invocations=26 (full 0):
 garbage-first heap   total 193536K, used 115168K [0x0000000085600000, 0x0000000100000000)
  region size 1024K, 4 young (4096K), 4 survivors (4096K)
 Metaspace       used 38974K, capacity 39564K, committed 40320K, reserved 1083392K
  class space    used 5150K, capacity 5381K, committed 5504K, reserved 1048576K
}
Event: 32,865 GC heap before
{Heap before GC invocations=27 (full 0):
 garbage-first heap   total 196608K, used 133600K [0x0000000085600000, 0x0000000100000000)
  region size 1024K, 24 young (24576K), 4 survivors (4096K)
 Metaspace       used 45681K, capacity 46414K, committed 46976K, reserved 1089536K
  class space    used 6132K, capacity 6442K, committed 6528K, reserved 1048576K
}
Event: 32,870 GC heap after
{Heap after GC invocations=28 (full 0):
 garbage-first heap   total 196608K, used 120123K [0x0000000085600000, 0x0000000100000000)
  region size 1024K, 6 young (6144K), 6 survivors (6144K)
 Metaspace       used 45681K, capacity 46414K, committed 46976K, reserved 1089536K
  class space    used 6132K, capacity 6442K, committed 6528K, reserved 1048576K
}
Event: 41,431 GC heap before
{Heap before GC invocations=29 (full 0):
 garbage-first heap   total 214016K, used 140603K [0x0000000085600000, 0x0000000100000000)
  region size 1024K, 23 young (23552K), 6 survivors (6144K)
 Metaspace       used 46677K, capacity 47409K, committed 47872K, reserved 1091584K
  class space    used 6206K, capacity 6513K, committed 6656K, reserved 1048576K
}
Event: 41,434 GC heap after
{Heap after GC invocations=30 (full 0):
 garbage-first heap   total 214016K, used 126005K [0x0000000085600000, 0x0000000100000000)
  region size 1024K, 2 young (2048K), 2 survivors (2048K)
 Metaspace       used 46677K, capacity 47409K, committed 47872K, reserved 1091584K
  class space    used 6206K, capacity 6513K, committed 6656K, reserved 1048576K
}
Event: 47,833 GC heap before
{Heap before GC invocations=31 (full 0):
 garbage-first heap   total 229376K, used 141365K [0x0000000085600000, 0x0000000100000000)
  region size 1024K, 12 young (12288K), 2 survivors (2048K)
 Metaspace       used 46971K, capacity 47676K, committed 48128K, reserved 1091584K
  class space    used 6246K, capacity 6580K, committed 6656K, reserved 1048576K
}
Event: 47,838 GC heap after
{Heap after GC invocations=32 (full 0):
 garbage-first heap   total 229376K, used 132118K [0x0000000085600000, 0x0000000100000000)
  region size 1024K, 2 young (2048K), 2 survivors (2048K)
 Metaspace       used 46971K, capacity 47676K, committed 48128K, reserved 1091584K
  class space    used 6246K, capacity 6580K, committed 6656K, reserved 1048576K
}

